<testsuites id="" name="" tests="1" failures="1" skipped="0" errors="0" time="42.913683000000006">
<testsuite name="file-upload-and-preview.spec.ts" timestamp="2026-04-12T18:05:12.652Z" hostname="chromium" tests="1" failures="1" skipped="0" time="37.605" errors="0">
<testcase name="File Upload &amp; Preview Flow › should complete full upload lifecycle and preview the file" classname="file-upload-and-preview.spec.ts" time="37.605">
<system-out>
<![CDATA[
[[ATTACHMENT|test-results\file-upload-and-preview-Fi-a0ab6-ecycle-and-preview-the-file-chromium\test-failed-1.png]]

[[ATTACHMENT|test-results\file-upload-and-preview-Fi-a0ab6-ecycle-and-preview-the-file-chromium\error-context.md]]

[[ATTACHMENT|test-results\file-upload-and-preview-Fi-a0ab6-ecycle-and-preview-the-file-chromium-retry1\test-failed-1.png]]

[[ATTACHMENT|test-results\file-upload-and-preview-Fi-a0ab6-ecycle-and-preview-the-file-chromium-retry1\error-context.md]]

[[ATTACHMENT|test-results\file-upload-and-preview-Fi-a0ab6-ecycle-and-preview-the-file-chromium-retry1\trace.zip]]
]]>
</system-out>
<failure message="expect(locator).toBeVisible() failed" type="expect.toBeVisible">
<![CDATA[  [chromium] › file-upload-and-preview.spec.ts:12:7 › File Upload & Preview Flow › should complete full upload lifecycle and preview the file 

    Error: expect(locator).toBeVisible() failed

    Locator: getByText('upload-test.json').first()
    Expected: visible
    Timeout: 15000ms
    Error: element(s) not found

    Call log:
      - Expect "toBeVisible" with timeout 15000ms
      - waiting for getByText('upload-test.json').first()


      145 |     // NO RELOAD: Verification that reactive refresh works
      146 |     const fileLocator = page.getByText(testFile.name).first();
    > 147 |     await expect(fileLocator).toBeVisible({ timeout: 15000 });
          |                               ^
      148 |
      149 |     // Open for preview
      150 |     await page.getByText(testFile.name).dblclick();
        at D:\college\cloud-storage\CloudStorage.Client\e2e\file-upload-and-preview.spec.ts:147:31

    attachment #1: screenshot (image/png) ──────────────────────────────────────────────────────────
    ..\test-results\file-upload-and-preview-Fi-a0ab6-ecycle-and-preview-the-file-chromium\test-failed-1.png
    ────────────────────────────────────────────────────────────────────────────────────────────────

    Error Context: ..\test-results\file-upload-and-preview-Fi-a0ab6-ecycle-and-preview-the-file-chromium\error-context.md

    Retry #1 ───────────────────────────────────────────────────────────────────────────────────────

    Error: expect(locator).toBeVisible() failed

    Locator: getByText('upload-test.json').first()
    Expected: visible
    Timeout: 15000ms
    Error: element(s) not found

    Call log:
      - Expect "toBeVisible" with timeout 15000ms
      - waiting for getByText('upload-test.json').first()


      145 |     // NO RELOAD: Verification that reactive refresh works
      146 |     const fileLocator = page.getByText(testFile.name).first();
    > 147 |     await expect(fileLocator).toBeVisible({ timeout: 15000 });
          |                               ^
      148 |
      149 |     // Open for preview
      150 |     await page.getByText(testFile.name).dblclick();
        at D:\college\cloud-storage\CloudStorage.Client\e2e\file-upload-and-preview.spec.ts:147:31

    attachment #1: screenshot (image/png) ──────────────────────────────────────────────────────────
    ..\test-results\file-upload-and-preview-Fi-a0ab6-ecycle-and-preview-the-file-chromium-retry1\test-failed-1.png
    ────────────────────────────────────────────────────────────────────────────────────────────────

    Error Context: ..\test-results\file-upload-and-preview-Fi-a0ab6-ecycle-and-preview-the-file-chromium-retry1\error-context.md

    attachment #3: trace (application/zip) ─────────────────────────────────────────────────────────
    ..\test-results\file-upload-and-preview-Fi-a0ab6-ecycle-and-preview-the-file-chromium-retry1\trace.zip
    Usage:

        npx playwright show-trace ..\test-results\file-upload-and-preview-Fi-a0ab6-ecycle-and-preview-the-file-chromium-retry1\trace.zip

    ────────────────────────────────────────────────────────────────────────────────────────────────
]]>
</failure>
</testcase>
</testsuite>
</testsuites>