{"numTotalTestSuites":72,"numPassedTestSuites":64,"numFailedTestSuites":8,"numPendingTestSuites":0,"numTotalTests":154,"numPassedTests":144,"numFailedTests":10,"numPendingTests":0,"numTodoTests":0,"snapshot":{"added":0,"failure":false,"filesAdded":0,"filesRemoved":0,"filesRemovedList":[],"filesUnmatched":0,"filesUpdated":0,"matched":0,"total":0,"unchecked":0,"uncheckedKeysByFile":[],"unmatched":0,"updated":0,"didUpdate":false},"startTime":1776090727042,"success":false,"testResults":[{"assertionResults":[{"ancestorTitles":["App"],"fullName":"App should create the app","status":"passed","title":"should create the app","duration":631.7603999999992,"failureMessages":[],"meta":{},"tags":[]}],"startTime":1776090765092,"endTime":1776090765723.7605,"status":"passed","message":"","name":"D:/college/cloud-storage/CloudStorage.Client/src/app/app.spec.ts"},{"assertionResults":[{"ancestorTitles":["Simple test"],"fullName":"Simple test should pass","status":"passed","title":"should pass","duration":13.020900000003166,"failureMessages":[],"meta":{},"tags":[]}],"startTime":1776090770463,"endTime":1776090770476.021,"status":"passed","message":"","name":"D:/college/cloud-storage/CloudStorage.Client/src/app/simple.spec.ts"},{"assertionResults":[{"ancestorTitles":["DashboardComponent"],"fullName":"DashboardComponent should create","status":"passed","title":"should create","duration":1411.1564999999973,"failureMessages":[],"meta":{},"tags":[]},{"ancestorTitles":["DashboardComponent"],"fullName":"DashboardComponent should format bytes correctly","status":"passed","title":"should format bytes correctly","duration":191.90780000000086,"failureMessages":[],"meta":{},"tags":[]},{"ancestorTitles":["DashboardComponent"],"fullName":"DashboardComponent should delegate upload modal state to LayoutService","status":"passed","title":"should delegate upload modal state to LayoutService","duration":177.15009999999893,"failureMessages":[],"meta":{},"tags":[]}],"startTime":1776090743342,"endTime":1776090745123.1501,"status":"passed","message":"","name":"D:/college/cloud-storage/CloudStorage.Client/src/app/features/dashboard/dashboard.component.spec.ts"},{"assertionResults":[{"ancestorTitles":["ActivityService"],"fullName":"ActivityService should be created","status":"passed","title":"should be created","duration":66.21799999999348,"failureMessages":[],"meta":{},"tags":[]},{"ancestorTitles":["ActivityService"],"fullName":"ActivityService should fetch recent activity","status":"passed","title":"should fetch recent activity","duration":55.35069999999541,"failureMessages":[],"meta":{},"tags":[]},{"ancestorTitles":["ActivityService"],"fullName":"ActivityService should return empty array if no data","status":"passed","title":"should return empty array if no data","duration":12.995000000009895,"failureMessages":[],"meta":{},"tags":[]}],"startTime":1776090769020,"endTime":1776090769154.995,"status":"passed","message":"","name":"D:/college/cloud-storage/CloudStorage.Client/src/app/core/services/activity.service.spec.ts"},{"assertionResults":[{"ancestorTitles":["ApiService"],"fullName":"ApiService should be created","status":"passed","title":"should be created","duration":85.11109999999462,"failureMessages":[],"meta":{},"tags":[]},{"ancestorTitles":["ApiService"],"fullName":"ApiService should perform GET request","status":"passed","title":"should perform GET request","duration":21.15439999999944,"failureMessages":[],"meta":{},"tags":[]},{"ancestorTitles":["ApiService"],"fullName":"ApiService should perform POST request","status":"passed","title":"should perform POST request","duration":31.707699999999022,"failureMessages":[],"meta":{},"tags":[]},{"ancestorTitles":["ApiService"],"fullName":"ApiService should perform PUT request","status":"passed","title":"should perform PUT request","duration":28.441399999996065,"failureMessages":[],"meta":{},"tags":[]},{"ancestorTitles":["ApiService"],"fullName":"ApiService should perform DELETE request","status":"passed","title":"should perform DELETE request","duration":9.242700000002515,"failureMessages":[],"meta":{},"tags":[]}],"startTime":1776090766470,"endTime":1776090766646.2427,"status":"passed","message":"","name":"D:/college/cloud-storage/CloudStorage.Client/src/app/core/services/api.service.spec.ts"},{"assertionResults":[{"ancestorTitles":["AuthService Refresh Fix"],"fullName":"AuthService Refresh Fix should return AUTH_REFRESH_TOKEN_MISSING without redirection if no user is logged in","status":"passed","title":"should return AUTH_REFRESH_TOKEN_MISSING without redirection if no user is logged in","duration":95.68899999999849,"failureMessages":[],"meta":{},"tags":[]},{"ancestorTitles":["AuthService Refresh Fix"],"fullName":"AuthService Refresh Fix should call logout and redirect if user IS logged in but refresh token is missing","status":"passed","title":"should call logout and redirect if user IS logged in but refresh token is missing","duration":27.890099999989616,"failureMessages":[],"meta":{},"tags":[]}],"startTime":1776090770218,"endTime":1776090770341.8901,"status":"passed","message":"","name":"D:/college/cloud-storage/CloudStorage.Client/src/app/core/services/auth-fix.spec.ts"},{"assertionResults":[{"ancestorTitles":["AuthService"],"fullName":"AuthService should be created","status":"passed","title":"should be created","duration":76.52909999999974,"failureMessages":[],"meta":{},"tags":[]},{"ancestorTitles":["AuthService"],"fullName":"AuthService should login and store tokens","status":"passed","title":"should login and store tokens","duration":59.48990000000049,"failureMessages":[],"meta":{},"tags":[]},{"ancestorTitles":["AuthService"],"fullName":"AuthService should logout and clear tokens","status":"passed","title":"should logout and clear tokens","duration":18.82520000000659,"failureMessages":[],"meta":{},"tags":[]}],"startTime":1776090768923,"endTime":1776090769078.8252,"status":"passed","message":"","name":"D:/college/cloud-storage/CloudStorage.Client/src/app/core/services/auth.service.spec.ts"},{"assertionResults":[{"ancestorTitles":["ChunkingService"],"fullName":"ChunkingService should be created","status":"passed","title":"should be created","duration":122.62669999999343,"failureMessages":[],"meta":{},"tags":[]},{"ancestorTitles":["ChunkingService"],"fullName":"ChunkingService should return minimum chunk size for small files","status":"passed","title":"should return minimum chunk size for small files","duration":20.08179999999993,"failureMessages":[],"meta":{},"tags":[]},{"ancestorTitles":["ChunkingService"],"fullName":"ChunkingService should calculate larger chunk size for very large files","status":"passed","title":"should calculate larger chunk size for very large files","duration":24.101299999994808,"failureMessages":[],"meta":{},"tags":[]},{"ancestorTitles":["ChunkingService"],"fullName":"ChunkingService should cap chunk size at 1GB","status":"passed","title":"should cap chunk size at 1GB","duration":10.375099999990198,"failureMessages":[],"meta":{},"tags":[]},{"ancestorTitles":["ChunkingService"],"fullName":"ChunkingService should split file into correct number of chunks","status":"passed","title":"should split file into correct number of chunks","duration":206.5500999999931,"failureMessages":[],"meta":{},"tags":[]},{"ancestorTitles":["ChunkingService"],"fullName":"ChunkingService should generate valid SHA-256 hashes for chunks","status":"passed","title":"should generate valid SHA-256 hashes for chunks","duration":30.733700000011595,"failureMessages":[],"meta":{},"tags":[]}],"startTime":1776090765040,"endTime":1776090765455.7336,"status":"passed","message":"","name":"D:/college/cloud-storage/CloudStorage.Client/src/app/core/services/chunking.service.spec.ts"},{"assertionResults":[{"ancestorTitles":["ConnectionStatusService"],"fullName":"ConnectionStatusService should be created","status":"passed","title":"should be created","duration":45.58060000000114,"failureMessages":[],"meta":{},"tags":[]},{"ancestorTitles":["ConnectionStatusService"],"fullName":"ConnectionStatusService should reflect initial online status","status":"passed","title":"should reflect initial online status","duration":16.32640000000538,"failureMessages":[],"meta":{},"tags":[]},{"ancestorTitles":["ConnectionStatusService"],"fullName":"ConnectionStatusService should update status when online event fires","status":"passed","title":"should update status when online event fires","duration":13.983300000007148,"failureMessages":[],"meta":{},"tags":[]},{"ancestorTitles":["ConnectionStatusService"],"fullName":"ConnectionStatusService should update status when offline event fires","status":"passed","title":"should update status when offline event fires","duration":15.256499999988591,"failureMessages":[],"meta":{},"tags":[]}],"startTime":1776090768916,"endTime":1776090769008.2566,"status":"passed","message":"","name":"D:/college/cloud-storage/CloudStorage.Client/src/app/core/services/connection-status.service.spec.ts"},{"assertionResults":[{"ancestorTitles":["FileService"],"fullName":"FileService should be created","status":"passed","title":"should be created","duration":66.38880000000063,"failureMessages":[],"meta":{},"tags":[]},{"ancestorTitles":["FileService"],"fullName":"FileService should map getFiles successfully","status":"passed","title":"should map getFiles successfully","duration":28.608200000002398,"failureMessages":[],"meta":{},"tags":[]},{"ancestorTitles":["FileService"],"fullName":"FileService should get dashboard stats","status":"passed","title":"should get dashboard stats","duration":18.751900000002934,"failureMessages":[],"meta":{},"tags":[]},{"ancestorTitles":["FileService"],"fullName":"FileService should call delete endpoint on deleteFile","status":"passed","title":"should call delete endpoint on deleteFile","duration":15.800700000007055,"failureMessages":[],"meta":{},"tags":[]},{"ancestorTitles":["FileService"],"fullName":"FileService should get storage breakdown","status":"passed","title":"should get storage breakdown","duration":11.059900000007474,"failureMessages":[],"meta":{},"tags":[]}],"startTime":1776090768621,"endTime":1776090768762.0598,"status":"passed","message":"","name":"D:/college/cloud-storage/CloudStorage.Client/src/app/core/services/file.service.spec.ts"},{"assertionResults":[{"ancestorTitles":["FolderService"],"fullName":"FolderService should be created","status":"passed","title":"should be created","duration":64.07729999998992,"failureMessages":[],"meta":{},"tags":[]},{"ancestorTitles":["FolderService"],"fullName":"FolderService should fetch root folders","status":"passed","title":"should fetch root folders","duration":42.06130000000121,"failureMessages":[],"meta":{},"tags":[]},{"ancestorTitles":["FolderService"],"fullName":"FolderService should create a new folder","status":"passed","title":"should create a new folder","duration":14.281600000002072,"failureMessages":[],"meta":{},"tags":[]},{"ancestorTitles":["FolderService"],"fullName":"FolderService should rename a folder","status":"passed","title":"should rename a folder","duration":9.170799999992596,"failureMessages":[],"meta":{},"tags":[]},{"ancestorTitles":["FolderService"],"fullName":"FolderService should delete a folder","status":"passed","title":"should delete a folder","duration":19.746500000008382,"failureMessages":[],"meta":{},"tags":[]},{"ancestorTitles":["FolderService"],"fullName":"FolderService should handle errors gracefully","status":"passed","title":"should handle errors gracefully","duration":85.77619999999297,"failureMessages":[],"meta":{},"tags":[]}],"startTime":1776090766404,"endTime":1776090766640.7761,"status":"passed","message":"","name":"D:/college/cloud-storage/CloudStorage.Client/src/app/core/services/folder.service.spec.ts"},{"assertionResults":[{"ancestorTitles":["LayoutService"],"fullName":"LayoutService should be created","status":"passed","title":"should be created","duration":218.68339999999444,"failureMessages":[],"meta":{},"tags":[]},{"ancestorTitles":["LayoutService"],"fullName":"LayoutService should toggle sidebar state","status":"passed","title":"should toggle sidebar state","duration":34.0908999999956,"failureMessages":[],"meta":{},"tags":[]},{"ancestorTitles":["LayoutService"],"fullName":"LayoutService should open and close upload modal","status":"passed","title":"should open and close upload modal","duration":50.68970000000263,"failureMessages":[],"meta":{},"tags":[]},{"ancestorTitles":["LayoutService"],"fullName":"LayoutService should open and close file details","status":"passed","title":"should open and close file details","duration":29.004799999995157,"failureMessages":[],"meta":{},"tags":[]},{"ancestorTitles":["LayoutService"],"fullName":"LayoutService should toggle notification dropdown and close profile menu","status":"passed","title":"should toggle notification dropdown and close profile menu","duration":17.858399999997346,"failureMessages":[],"meta":{},"tags":[]},{"ancestorTitles":["LayoutService"],"fullName":"LayoutService should open and close context menu","status":"passed","title":"should open and close context menu","duration":18.447400000004563,"failureMessages":[],"meta":{},"tags":[]},{"ancestorTitles":["LayoutService"],"fullName":"LayoutService should close all overlays","status":"passed","title":"should close all overlays","duration":14.993599999987055,"failureMessages":[],"meta":{},"tags":[]}],"startTime":1776090765095,"endTime":1776090765480.9937,"status":"passed","message":"","name":"D:/college/cloud-storage/CloudStorage.Client/src/app/core/services/layout.service.spec.ts"},{"assertionResults":[{"ancestorTitles":["NotificationService"],"fullName":"NotificationService should be created","status":"passed","title":"should be created","duration":59.35090000000491,"failureMessages":[],"meta":{},"tags":[]},{"ancestorTitles":["NotificationService"],"fullName":"NotificationService should emit notification when a toast is added","status":"passed","title":"should emit notification when a toast is added","duration":18.948499999998603,"failureMessages":[],"meta":{},"tags":[]},{"ancestorTitles":["NotificationService"],"fullName":"NotificationService should support short-hand success method","status":"passed","title":"should support short-hand success method","duration":7.4100000000034925,"failureMessages":[],"meta":{},"tags":[]},{"ancestorTitles":["NotificationService"],"fullName":"NotificationService should support short-hand error method","status":"passed","title":"should support short-hand error method","duration":16.487699999997858,"failureMessages":[],"meta":{},"tags":[]},{"ancestorTitles":["NotificationService"],"fullName":"NotificationService should support short-hand info method","status":"passed","title":"should support short-hand info method","duration":8.734500000005937,"failureMessages":[],"meta":{},"tags":[]},{"ancestorTitles":["NotificationService"],"fullName":"NotificationService should support short-hand warning method","status":"passed","title":"should support short-hand warning method","duration":6.837400000003981,"failureMessages":[],"meta":{},"tags":[]},{"ancestorTitles":["NotificationService"],"fullName":"NotificationService should remove toast after timeout","status":"passed","title":"should remove toast after timeout","duration":20.250500000009197,"failureMessages":[],"meta":{},"tags":[]},{"ancestorTitles":["NotificationService"],"fullName":"NotificationService should allow manual removal of toast","status":"passed","title":"should allow manual removal of toast","duration":7.4703000000008615,"failureMessages":[],"meta":{},"tags":[]}],"startTime":1776090768566,"endTime":1776090768712.4702,"status":"passed","message":"","name":"D:/college/cloud-storage/CloudStorage.Client/src/app/core/services/notification.service.spec.ts"},{"assertionResults":[{"ancestorTitles":["OfflineCacheService"],"fullName":"OfflineCacheService should be created","status":"passed","title":"should be created","duration":60.755999999993946,"failureMessages":[],"meta":{},"tags":[]},{"ancestorTitles":["OfflineCacheService"],"fullName":"OfflineCacheService should store and retrieve last sync timestamp","status":"passed","title":"should store and retrieve last sync timestamp","duration":23.031399999992573,"failureMessages":[],"meta":{},"tags":[]},{"ancestorTitles":["OfflineCacheService"],"fullName":"OfflineCacheService should return null if no sync timestamp is stored","status":"passed","title":"should return null if no sync timestamp is stored","duration":10.312400000009802,"failureMessages":[],"meta":{},"tags":[]}],"startTime":1776090770364,"endTime":1776090770458.3125,"status":"passed","message":"","name":"D:/college/cloud-storage/CloudStorage.Client/src/app/core/services/offline-cache.service.spec.ts"},{"assertionResults":[{"ancestorTitles":["ParallelDownloadService"],"fullName":"ParallelDownloadService should be created","status":"passed","title":"should be created","duration":60.65780000000086,"failureMessages":[],"meta":{},"tags":[]},{"ancestorTitles":["ParallelDownloadService"],"fullName":"ParallelDownloadService should orchestrate parallel download successfully","status":"passed","title":"should orchestrate parallel download successfully","duration":27.920899999997346,"failureMessages":[],"meta":{},"tags":[]},{"ancestorTitles":["ParallelDownloadService"],"fullName":"ParallelDownloadService should throw error if browser not supported","status":"passed","title":"should throw error if browser not supported","duration":39.62260000000242,"failureMessages":[],"meta":{},"tags":[]},{"ancestorTitles":["ParallelDownloadService"],"fullName":"ParallelDownloadService should set isLoading state correctly","status":"passed","title":"should set isLoading state correctly","duration":21.299200000008568,"failureMessages":[],"meta":{},"tags":[]}],"startTime":1776090766671,"endTime":1776090766821.2993,"status":"passed","message":"","name":"D:/college/cloud-storage/CloudStorage.Client/src/app/core/services/parallel-download.service.spec.ts"},{"assertionResults":[{"ancestorTitles":["PermissionService"],"fullName":"PermissionService should be created","status":"passed","title":"should be created","duration":72.02850000000035,"failureMessages":[],"meta":{},"tags":[]},{"ancestorTitles":["PermissionService"],"fullName":"PermissionService should get permissions","status":"passed","title":"should get permissions","duration":30.100599999990663,"failureMessages":[],"meta":{},"tags":[]},{"ancestorTitles":["PermissionService"],"fullName":"PermissionService should add permission","status":"passed","title":"should add permission","duration":21.635500000003958,"failureMessages":[],"meta":{},"tags":[]},{"ancestorTitles":["PermissionService"],"fullName":"PermissionService should handle errors in getPermissions","status":"passed","title":"should handle errors in getPermissions","duration":34.931700000001,"failureMessages":[],"meta":{},"tags":[]}],"startTime":1776090769072,"endTime":1776090769230.9316,"status":"passed","message":"","name":"D:/college/cloud-storage/CloudStorage.Client/src/app/core/services/permission.service.spec.ts"},{"assertionResults":[{"ancestorTitles":["SearchService"],"fullName":"SearchService should be created","status":"passed","title":"should be created","duration":51.08510000001115,"failureMessages":[],"meta":{},"tags":[]},{"ancestorTitles":["SearchService"],"fullName":"SearchService should update query and normalize to lowercase","status":"passed","title":"should update query and normalize to lowercase","duration":12.415399999998044,"failureMessages":[],"meta":{},"tags":[]},{"ancestorTitles":["SearchService"],"fullName":"SearchService should update and clear filters","status":"passed","title":"should update and clear filters","duration":11.456999999994878,"failureMessages":[],"meta":{},"tags":[]},{"ancestorTitles":["SearchService"],"fullName":"SearchService should manage search history","status":"passed","title":"should manage search history","duration":7.622900000002119,"failureMessages":[],"meta":{},"tags":[]},{"ancestorTitles":["SearchService"],"fullName":"SearchService should provide suggestions from history","status":"passed","title":"should provide suggestions from history","duration":17.121799999993527,"failureMessages":[],"meta":{},"tags":[]}],"startTime":1776090768629,"endTime":1776090768732.1218,"status":"passed","message":"","name":"D:/college/cloud-storage/CloudStorage.Client/src/app/core/services/search.service.spec.ts"},{"assertionResults":[{"ancestorTitles":["SignalRService"],"fullName":"SignalRService should be created","status":"passed","title":"should be created","duration":52.62389999999141,"failureMessages":[],"meta":{},"tags":[]},{"ancestorTitles":["SignalRService"],"fullName":"SignalRService should not start connection if no token","status":"passed","title":"should not start connection if no token","duration":10.409700000003795,"failureMessages":[],"meta":{},"tags":[]}],"startTime":1776090770711,"endTime":1776090770773.4097,"status":"passed","message":"","name":"D:/college/cloud-storage/CloudStorage.Client/src/app/core/services/signalr.service.spec.ts"},{"assertionResults":[{"ancestorTitles":["SyncEngineService"],"fullName":"SyncEngineService should be created","status":"passed","title":"should be created","duration":99.86779999999271,"failureMessages":[],"meta":{},"tags":[]},{"ancestorTitles":["SyncEngineService"],"fullName":"SyncEngineService should not sync if offline","status":"passed","title":"should not sync if offline","duration":33.04769999999553,"failureMessages":[],"meta":{},"tags":[]},{"ancestorTitles":["SyncEngineService"],"fullName":"SyncEngineService should resolve a conflict","status":"passed","title":"should resolve a conflict","duration":110.4835999999923,"failureMessages":[],"meta":{},"tags":[]},{"ancestorTitles":["SyncEngineService"],"fullName":"SyncEngineService should log messages and clear log","status":"passed","title":"should log messages and clear log","duration":11.46119999999064,"failureMessages":[],"meta":{},"tags":[]},{"ancestorTitles":["SyncEngineService"],"fullName":"SyncEngineService should simulate local edit","status":"passed","title":"should simulate local edit","duration":15.209800000011455,"failureMessages":[],"meta":{},"tags":[]}],"startTime":1776090769219,"endTime":1776090769489.2097,"status":"passed","message":"","name":"D:/college/cloud-storage/CloudStorage.Client/src/app/core/services/sync-engine.service.spec.ts"},{"assertionResults":[{"ancestorTitles":["ThemeService"],"fullName":"ThemeService should be created","status":"passed","title":"should be created","duration":106.50990000000456,"failureMessages":[],"meta":{},"tags":[]},{"ancestorTitles":["ThemeService"],"fullName":"ThemeService should update theme and localStorage","status":"passed","title":"should update theme and localStorage","duration":91.22250000000349,"failureMessages":[],"meta":{},"tags":[]},{"ancestorTitles":["ThemeService"],"fullName":"ThemeService should update density and localStorage","status":"passed","title":"should update density and localStorage","duration":36.952900000003865,"failureMessages":[],"meta":{},"tags":[]},{"ancestorTitles":["ThemeService"],"fullName":"ThemeService should load initial state from localStorage","status":"failed","title":"should load initial state from localStorage","duration":55.29349999999977,"failureMessages":["AssertionError: expected 'clinical' to be 'glass' // Object.is equality\n    at D:/college/cloud-storage/CloudStorage.Client/src/app/core/services/theme.service.spec.ts:55:35\n    at runInInjectionContext (file:///D:/college/cloud-storage/CloudStorage.Client/node_modules/@angular/core/fesm2022/_effect-chunk2.mjs:1463:12)\n    at D:/college/cloud-storage/CloudStorage.Client/src/app/core/services/theme.service.spec.ts:53:5\n    at file:///D:/college/cloud-storage/CloudStorage.Client/node_modules/@vitest/runner/dist/chunk-artifact.js:302:11\n    at file:///D:/college/cloud-storage/CloudStorage.Client/node_modules/@vitest/runner/dist/chunk-artifact.js:1903:26\n    at file:///D:/college/cloud-storage/CloudStorage.Client/node_modules/@vitest/runner/dist/chunk-artifact.js:2326:20\n    at new Promise (<anonymous>)\n    at runWithCancel (file:///D:/college/cloud-storage/CloudStorage.Client/node_modules/@vitest/runner/dist/chunk-artifact.js:2323:10)\n    at file:///D:/college/cloud-storage/CloudStorage.Client/node_modules/@vitest/runner/dist/chunk-artifact.js:2305:20\n    at new Promise (<anonymous>)"],"meta":{},"tags":[]}],"startTime":1776090740375,"endTime":1776090740665.2935,"status":"failed","message":"","name":"D:/college/cloud-storage/CloudStorage.Client/src/app/core/services/theme.service.spec.ts"},{"assertionResults":[{"ancestorTitles":["TrashService"],"fullName":"TrashService should be created","status":"passed","title":"should be created","duration":95.00740000000224,"failureMessages":[],"meta":{},"tags":[]},{"ancestorTitles":["TrashService"],"fullName":"TrashService should get trash items","status":"passed","title":"should get trash items","duration":36.391299999988405,"failureMessages":[],"meta":{},"tags":[]},{"ancestorTitles":["TrashService"],"fullName":"TrashService should restore file","status":"passed","title":"should restore file","duration":54.208700000002864,"failureMessages":[],"meta":{},"tags":[]},{"ancestorTitles":["TrashService"],"fullName":"TrashService should empty trash","status":"passed","title":"should empty trash","duration":6.656600000002072,"failureMessages":[],"meta":{},"tags":[]}],"startTime":1776090770049,"endTime":1776090770241.6565,"status":"passed","message":"","name":"D:/college/cloud-storage/CloudStorage.Client/src/app/core/services/trash.service.spec.ts"},{"assertionResults":[{"ancestorTitles":["UploadManagerService"],"fullName":"UploadManagerService should be created","status":"passed","title":"should be created","duration":117.05940000000555,"failureMessages":[],"meta":{},"tags":[]},{"ancestorTitles":["UploadManagerService"],"fullName":"UploadManagerService should add file to queue and start processing","status":"passed","title":"should add file to queue and start processing","duration":188.12539999999717,"failureMessages":[],"meta":{},"tags":[]},{"ancestorTitles":["UploadManagerService"],"fullName":"UploadManagerService should handle upload errors gracefully","status":"passed","title":"should handle upload errors gracefully","duration":130.00280000000203,"failureMessages":[],"meta":{},"tags":[]},{"ancestorTitles":["UploadManagerService"],"fullName":"UploadManagerService should clear completed tasks","status":"passed","title":"should clear completed tasks","duration":158.96600000000035,"failureMessages":[],"meta":{},"tags":[]},{"ancestorTitles":["UploadManagerService"],"fullName":"UploadManagerService should calculate global speed correctly","status":"passed","title":"should calculate global speed correctly","duration":13.886399999995774,"failureMessages":[],"meta":{},"tags":[]},{"ancestorTitles":["UploadManagerService"],"fullName":"UploadManagerService should pass parentFolderId to uploader when provided","status":"passed","title":"should pass parentFolderId to uploader when provided","duration":179.46839999999793,"failureMessages":[],"meta":{},"tags":[]}],"startTime":1776090741069,"endTime":1776090741863.4685,"status":"passed","message":"","name":"D:/college/cloud-storage/CloudStorage.Client/src/app/core/services/upload-manager.service.spec.ts"},{"assertionResults":[{"ancestorTitles":["FileListComponent - Sharing & Drop"],"fullName":"FileListComponent - Sharing & Drop should call shareFolder when shareFolder is triggered with a valid ID","status":"failed","title":"should call shareFolder when shareFolder is triggered with a valid ID","duration":1156.7488999999987,"failureMessages":["TypeError: Cannot read properties of undefined (reading 'pipe')\n    at new _a (D:/college/cloud-storage/CloudStorage.Client/src/app/features/dashboard/file-list/file-list.component.ts:178:42)\n    at NodeInjectorFactory._a_Factory [as factory] (ng:///_a/ɵfac.js:5:10)\n    at getNodeInjectable (file:///D:/college/cloud-storage/CloudStorage.Client/node_modules/@angular/core/fesm2022/_debug_node-chunk.mjs:1044:38)\n    at instantiateAllDirectives (file:///D:/college/cloud-storage/CloudStorage.Client/node_modules/@angular/core/fesm2022/_debug_node-chunk.mjs:5168:23)\n    at createDirectivesInstances (file:///D:/college/cloud-storage/CloudStorage.Client/node_modules/@angular/core/fesm2022/_debug_node-chunk.mjs:5027:3)\n    at ComponentFactory.createComponentRef (file:///D:/college/cloud-storage/CloudStorage.Client/node_modules/@angular/core/fesm2022/_debug_node-chunk.mjs:8665:7)\n    at ComponentFactory.create (file:///D:/college/cloud-storage/CloudStorage.Client/node_modules/@angular/core/fesm2022/_debug_node-chunk.mjs:8645:21)\n    at initComponent (D:/college/cloud-storage/darwin_arm64-fastbuild-ST-fdfa778d11ba/bin/packages/core/testing/src/test_bed.ts:695:45)\n    at NoopNgZone.run (file:///D:/college/cloud-storage/CloudStorage.Client/node_modules/@angular/core/fesm2022/_effect-chunk2.mjs:2570:15)\n    at _TestBedImpl.createComponent (D:/college/cloud-storage/darwin_arm64-fastbuild-ST-fdfa778d11ba/bin/packages/core/testing/src/test_bed.ts:707:37)"],"meta":{},"tags":[]},{"ancestorTitles":["FileListComponent - Sharing & Drop"],"fullName":"FileListComponent - Sharing & Drop should handle sharing error","status":"failed","title":"should handle sharing error","duration":44.197299999999814,"failureMessages":["TypeError: Cannot read properties of undefined (reading 'pipe')\n    at new _a (D:/college/cloud-storage/CloudStorage.Client/src/app/features/dashboard/file-list/file-list.component.ts:178:42)\n    at NodeInjectorFactory._a_Factory [as factory] (ng:///_a/ɵfac.js:5:10)\n    at getNodeInjectable (file:///D:/college/cloud-storage/CloudStorage.Client/node_modules/@angular/core/fesm2022/_debug_node-chunk.mjs:1044:38)\n    at instantiateAllDirectives (file:///D:/college/cloud-storage/CloudStorage.Client/node_modules/@angular/core/fesm2022/_debug_node-chunk.mjs:5168:23)\n    at createDirectivesInstances (file:///D:/college/cloud-storage/CloudStorage.Client/node_modules/@angular/core/fesm2022/_debug_node-chunk.mjs:5027:3)\n    at ComponentFactory.createComponentRef (file:///D:/college/cloud-storage/CloudStorage.Client/node_modules/@angular/core/fesm2022/_debug_node-chunk.mjs:8665:7)\n    at ComponentFactory.create (file:///D:/college/cloud-storage/CloudStorage.Client/node_modules/@angular/core/fesm2022/_debug_node-chunk.mjs:8645:21)\n    at initComponent (D:/college/cloud-storage/darwin_arm64-fastbuild-ST-fdfa778d11ba/bin/packages/core/testing/src/test_bed.ts:695:45)\n    at NoopNgZone.run (file:///D:/college/cloud-storage/CloudStorage.Client/node_modules/@angular/core/fesm2022/_effect-chunk2.mjs:2570:15)\n    at _TestBedImpl.createComponent (D:/college/cloud-storage/darwin_arm64-fastbuild-ST-fdfa778d11ba/bin/packages/core/testing/src/test_bed.ts:707:37)"],"meta":{},"tags":[]},{"ancestorTitles":["FileListComponent - Sharing & Drop"],"fullName":"FileListComponent - Sharing & Drop should call uploadManager.addToQueue when external files are dropped onto a folder","status":"failed","title":"should call uploadManager.addToQueue when external files are dropped onto a folder","duration":42.56420000000071,"failureMessages":["TypeError: Cannot read properties of undefined (reading 'pipe')\n    at new _a (D:/college/cloud-storage/CloudStorage.Client/src/app/features/dashboard/file-list/file-list.component.ts:178:42)\n    at NodeInjectorFactory._a_Factory [as factory] (ng:///_a/ɵfac.js:5:10)\n    at getNodeInjectable (file:///D:/college/cloud-storage/CloudStorage.Client/node_modules/@angular/core/fesm2022/_debug_node-chunk.mjs:1044:38)\n    at instantiateAllDirectives (file:///D:/college/cloud-storage/CloudStorage.Client/node_modules/@angular/core/fesm2022/_debug_node-chunk.mjs:5168:23)\n    at createDirectivesInstances (file:///D:/college/cloud-storage/CloudStorage.Client/node_modules/@angular/core/fesm2022/_debug_node-chunk.mjs:5027:3)\n    at ComponentFactory.createComponentRef (file:///D:/college/cloud-storage/CloudStorage.Client/node_modules/@angular/core/fesm2022/_debug_node-chunk.mjs:8665:7)\n    at ComponentFactory.create (file:///D:/college/cloud-storage/CloudStorage.Client/node_modules/@angular/core/fesm2022/_debug_node-chunk.mjs:8645:21)\n    at initComponent (D:/college/cloud-storage/darwin_arm64-fastbuild-ST-fdfa778d11ba/bin/packages/core/testing/src/test_bed.ts:695:45)\n    at NoopNgZone.run (file:///D:/college/cloud-storage/CloudStorage.Client/node_modules/@angular/core/fesm2022/_effect-chunk2.mjs:2570:15)\n    at _TestBedImpl.createComponent (D:/college/cloud-storage/darwin_arm64-fastbuild-ST-fdfa778d11ba/bin/packages/core/testing/src/test_bed.ts:707:37)"],"meta":{},"tags":[]}],"startTime":1776090742270,"endTime":1776090743514.5642,"status":"failed","message":"","name":"D:/college/cloud-storage/CloudStorage.Client/src/app/features/dashboard/file-list/file-list.component.share.spec.ts"},{"assertionResults":[{"ancestorTitles":["FileListComponent"],"fullName":"FileListComponent should create","status":"failed","title":"should create","duration":1400.6489000000001,"failureMessages":["TypeError: Cannot read properties of undefined (reading 'pipe')\n    at new _a (D:/college/cloud-storage/CloudStorage.Client/src/app/features/dashboard/file-list/file-list.component.ts:178:42)\n    at NodeInjectorFactory._a_Factory [as factory] (ng:///_a/ɵfac.js:5:10)\n    at getNodeInjectable (file:///D:/college/cloud-storage/CloudStorage.Client/node_modules/@angular/core/fesm2022/_debug_node-chunk.mjs:1044:38)\n    at instantiateAllDirectives (file:///D:/college/cloud-storage/CloudStorage.Client/node_modules/@angular/core/fesm2022/_debug_node-chunk.mjs:5168:23)\n    at createDirectivesInstances (file:///D:/college/cloud-storage/CloudStorage.Client/node_modules/@angular/core/fesm2022/_debug_node-chunk.mjs:5027:3)\n    at ComponentFactory.createComponentRef (file:///D:/college/cloud-storage/CloudStorage.Client/node_modules/@angular/core/fesm2022/_debug_node-chunk.mjs:8665:7)\n    at ComponentFactory.create (file:///D:/college/cloud-storage/CloudStorage.Client/node_modules/@angular/core/fesm2022/_debug_node-chunk.mjs:8645:21)\n    at initComponent (D:/college/cloud-storage/darwin_arm64-fastbuild-ST-fdfa778d11ba/bin/packages/core/testing/src/test_bed.ts:695:45)\n    at NoopNgZone.run (file:///D:/college/cloud-storage/CloudStorage.Client/node_modules/@angular/core/fesm2022/_effect-chunk2.mjs:2570:15)\n    at _TestBedImpl.createComponent (D:/college/cloud-storage/darwin_arm64-fastbuild-ST-fdfa778d11ba/bin/packages/core/testing/src/test_bed.ts:707:37)"],"meta":{},"tags":[]},{"ancestorTitles":["FileListComponent"],"fullName":"FileListComponent should fetch files on init","status":"failed","title":"should fetch files on init","duration":316.21770000000106,"failureMessages":["TypeError: Cannot read properties of undefined (reading 'pipe')\n    at new _a (D:/college/cloud-storage/CloudStorage.Client/src/app/features/dashboard/file-list/file-list.component.ts:178:42)\n    at NodeInjectorFactory._a_Factory [as factory] (ng:///_a/ɵfac.js:5:10)\n    at getNodeInjectable (file:///D:/college/cloud-storage/CloudStorage.Client/node_modules/@angular/core/fesm2022/_debug_node-chunk.mjs:1044:38)\n    at instantiateAllDirectives (file:///D:/college/cloud-storage/CloudStorage.Client/node_modules/@angular/core/fesm2022/_debug_node-chunk.mjs:5168:23)\n    at createDirectivesInstances (file:///D:/college/cloud-storage/CloudStorage.Client/node_modules/@angular/core/fesm2022/_debug_node-chunk.mjs:5027:3)\n    at ComponentFactory.createComponentRef (file:///D:/college/cloud-storage/CloudStorage.Client/node_modules/@angular/core/fesm2022/_debug_node-chunk.mjs:8665:7)\n    at ComponentFactory.create (file:///D:/college/cloud-storage/CloudStorage.Client/node_modules/@angular/core/fesm2022/_debug_node-chunk.mjs:8645:21)\n    at initComponent (D:/college/cloud-storage/darwin_arm64-fastbuild-ST-fdfa778d11ba/bin/packages/core/testing/src/test_bed.ts:695:45)\n    at NoopNgZone.run (file:///D:/college/cloud-storage/CloudStorage.Client/node_modules/@angular/core/fesm2022/_effect-chunk2.mjs:2570:15)\n    at _TestBedImpl.createComponent (D:/college/cloud-storage/darwin_arm64-fastbuild-ST-fdfa778d11ba/bin/packages/core/testing/src/test_bed.ts:707:37)"],"meta":{},"tags":[]},{"ancestorTitles":["FileListComponent"],"fullName":"FileListComponent should format bytes correctly","status":"failed","title":"should format bytes correctly","duration":245.96779999999853,"failureMessages":["TypeError: Cannot read properties of undefined (reading 'pipe')\n    at new _a (D:/college/cloud-storage/CloudStorage.Client/src/app/features/dashboard/file-list/file-list.component.ts:178:42)\n    at NodeInjectorFactory._a_Factory [as factory] (ng:///_a/ɵfac.js:5:10)\n    at getNodeInjectable (file:///D:/college/cloud-storage/CloudStorage.Client/node_modules/@angular/core/fesm2022/_debug_node-chunk.mjs:1044:38)\n    at instantiateAllDirectives (file:///D:/college/cloud-storage/CloudStorage.Client/node_modules/@angular/core/fesm2022/_debug_node-chunk.mjs:5168:23)\n    at createDirectivesInstances (file:///D:/college/cloud-storage/CloudStorage.Client/node_modules/@angular/core/fesm2022/_debug_node-chunk.mjs:5027:3)\n    at ComponentFactory.createComponentRef (file:///D:/college/cloud-storage/CloudStorage.Client/node_modules/@angular/core/fesm2022/_debug_node-chunk.mjs:8665:7)\n    at ComponentFactory.create (file:///D:/college/cloud-storage/CloudStorage.Client/node_modules/@angular/core/fesm2022/_debug_node-chunk.mjs:8645:21)\n    at initComponent (D:/college/cloud-storage/darwin_arm64-fastbuild-ST-fdfa778d11ba/bin/packages/core/testing/src/test_bed.ts:695:45)\n    at NoopNgZone.run (file:///D:/college/cloud-storage/CloudStorage.Client/node_modules/@angular/core/fesm2022/_effect-chunk2.mjs:2570:15)\n    at _TestBedImpl.createComponent (D:/college/cloud-storage/darwin_arm64-fastbuild-ST-fdfa778d11ba/bin/packages/core/testing/src/test_bed.ts:707:37)"],"meta":{},"tags":[]},{"ancestorTitles":["FileListComponent"],"fullName":"FileListComponent should open context menu on right click","status":"failed","title":"should open context menu on right click","duration":201.60039999999572,"failureMessages":["TypeError: Cannot read properties of undefined (reading 'pipe')\n    at new _a (D:/college/cloud-storage/CloudStorage.Client/src/app/features/dashboard/file-list/file-list.component.ts:178:42)\n    at NodeInjectorFactory._a_Factory [as factory] (ng:///_a/ɵfac.js:5:10)\n    at getNodeInjectable (file:///D:/college/cloud-storage/CloudStorage.Client/node_modules/@angular/core/fesm2022/_debug_node-chunk.mjs:1044:38)\n    at instantiateAllDirectives (file:///D:/college/cloud-storage/CloudStorage.Client/node_modules/@angular/core/fesm2022/_debug_node-chunk.mjs:5168:23)\n    at createDirectivesInstances (file:///D:/college/cloud-storage/CloudStorage.Client/node_modules/@angular/core/fesm2022/_debug_node-chunk.mjs:5027:3)\n    at ComponentFactory.createComponentRef (file:///D:/college/cloud-storage/CloudStorage.Client/node_modules/@angular/core/fesm2022/_debug_node-chunk.mjs:8665:7)\n    at ComponentFactory.create (file:///D:/college/cloud-storage/CloudStorage.Client/node_modules/@angular/core/fesm2022/_debug_node-chunk.mjs:8645:21)\n    at initComponent (D:/college/cloud-storage/darwin_arm64-fastbuild-ST-fdfa778d11ba/bin/packages/core/testing/src/test_bed.ts:695:45)\n    at NoopNgZone.run (file:///D:/college/cloud-storage/CloudStorage.Client/node_modules/@angular/core/fesm2022/_effect-chunk2.mjs:2570:15)\n    at _TestBedImpl.createComponent (D:/college/cloud-storage/darwin_arm64-fastbuild-ST-fdfa778d11ba/bin/packages/core/testing/src/test_bed.ts:707:37)"],"meta":{},"tags":[]}],"startTime":1776090742257,"endTime":1776090744422.6003,"status":"failed","message":"","name":"D:/college/cloud-storage/CloudStorage.Client/src/app/features/dashboard/file-list/file-list.component.spec.ts"},{"assertionResults":[{"ancestorTitles":["LoginComponent"],"fullName":"LoginComponent should create","status":"passed","title":"should create","duration":717.1978999999992,"failureMessages":[],"meta":{},"tags":[]},{"ancestorTitles":["LoginComponent"],"fullName":"LoginComponent should have invalid form when empty","status":"passed","title":"should have invalid form when empty","duration":126.86379999999917,"failureMessages":[],"meta":{},"tags":[]},{"ancestorTitles":["LoginComponent"],"fullName":"LoginComponent should have valid form when filled","status":"passed","title":"should have valid form when filled","duration":66.86750000000029,"failureMessages":[],"meta":{},"tags":[]},{"ancestorTitles":["LoginComponent"],"fullName":"LoginComponent should call authService login on valid submit","status":"passed","title":"should call authService login on valid submit","duration":107.60330000000249,"failureMessages":[],"meta":{},"tags":[]},{"ancestorTitles":["LoginComponent"],"fullName":"LoginComponent should display error message on login failure","status":"passed","title":"should display error message on login failure","duration":108.90559999999823,"failureMessages":[],"meta":{},"tags":[]}],"startTime":1776090741067,"endTime":1776090742197.9055,"status":"passed","message":"","name":"D:/college/cloud-storage/CloudStorage.Client/src/app/features/auth/login/login.component.spec.ts"},{"assertionResults":[{"ancestorTitles":["RecentComponent"],"fullName":"RecentComponent should create","status":"passed","title":"should create","duration":864.4190000000017,"failureMessages":[],"meta":{},"tags":[]},{"ancestorTitles":["RecentComponent"],"fullName":"RecentComponent should load and sort files by modification date","status":"passed","title":"should load and sort files by modification date","duration":285.66040000000066,"failureMessages":[],"meta":{},"tags":[]},{"ancestorTitles":["RecentComponent"],"fullName":"RecentComponent should format file size","status":"passed","title":"should format file size","duration":49.57440000000497,"failureMessages":[],"meta":{},"tags":[]}],"startTime":1776090762942,"endTime":1776090764141.5745,"status":"passed","message":"","name":"D:/college/cloud-storage/CloudStorage.Client/src/app/features/files/recent/recent.component.spec.ts"},{"assertionResults":[{"ancestorTitles":["TrashComponent"],"fullName":"TrashComponent should create","status":"passed","title":"should create","duration":810.3192000000054,"failureMessages":[],"meta":{},"tags":[]},{"ancestorTitles":["TrashComponent"],"fullName":"TrashComponent should load trash items on init","status":"passed","title":"should load trash items on init","duration":250.04269999999815,"failureMessages":[],"meta":{},"tags":[]},{"ancestorTitles":["TrashComponent"],"fullName":"TrashComponent should restore item","status":"passed","title":"should restore item","duration":168.9649999999965,"failureMessages":[],"meta":{},"tags":[]},{"ancestorTitles":["TrashComponent"],"fullName":"TrashComponent should trigger purge confirmation","status":"passed","title":"should trigger purge confirmation","duration":129.86260000000038,"failureMessages":[],"meta":{},"tags":[]}],"startTime":1776090741347,"endTime":1776090742706.8625,"status":"passed","message":"","name":"D:/college/cloud-storage/CloudStorage.Client/src/app/features/files/trash/trash.component.spec.ts"},{"assertionResults":[{"ancestorTitles":["FolderView"],"fullName":"FolderView should create","status":"passed","title":"should create","duration":570.6777000000002,"failureMessages":[],"meta":{},"tags":[]},{"ancestorTitles":["FolderView"],"fullName":"FolderView should load folder data on init","status":"failed","title":"should load folder data on init","duration":107.45669999999518,"failureMessages":["Error: NG0203: takeUntilDestroyed() can only be used within an injection context such as a constructor, a factory function, a field initializer, or a function used with `runInInjectionContext`. Find more at https://v21.angular.dev/errors/NG0203\n    at assertInInjectionContext (file:///D:/college/cloud-storage/CloudStorage.Client/node_modules/@angular/core/fesm2022/_effect-chunk2.mjs:1475:11)\n    at takeUntilDestroyed (file:///D:/college/cloud-storage/CloudStorage.Client/node_modules/@angular/core/fesm2022/rxjs-interop.mjs:19:18)\n    at FolderView2.ngOnInit (D:/college/cloud-storage/CloudStorage.Client/src/app/features/files/folder-view/folder-view.ts:46:7)\n    at callHookInternal (file:///D:/college/cloud-storage/CloudStorage.Client/node_modules/@angular/core/fesm2022/_debug_node-chunk.mjs:555:10)\n    at callHook (file:///D:/college/cloud-storage/CloudStorage.Client/node_modules/@angular/core/fesm2022/_debug_node-chunk.mjs:570:7)\n    at callHooks (file:///D:/college/cloud-storage/CloudStorage.Client/node_modules/@angular/core/fesm2022/_debug_node-chunk.mjs:544:9)\n    at executeInitAndCheckHooks (file:///D:/college/cloud-storage/CloudStorage.Client/node_modules/@angular/core/fesm2022/_debug_node-chunk.mjs:513:5)\n    at refreshView (file:///D:/college/cloud-storage/CloudStorage.Client/node_modules/@angular/core/fesm2022/_debug_node-chunk.mjs:5701:11)\n    at detectChangesInView (file:///D:/college/cloud-storage/CloudStorage.Client/node_modules/@angular/core/fesm2022/_debug_node-chunk.mjs:5829:5)\n    at detectChangesInViewWhileDirty (file:///D:/college/cloud-storage/CloudStorage.Client/node_modules/@angular/core/fesm2022/_debug_node-chunk.mjs:5638:5)"],"meta":{},"tags":[]},{"ancestorTitles":["FolderView"],"fullName":"FolderView should handle load error","status":"failed","title":"should handle load error","duration":46.17829999999958,"failureMessages":["Error: NG0203: takeUntilDestroyed() can only be used within an injection context such as a constructor, a factory function, a field initializer, or a function used with `runInInjectionContext`. Find more at https://v21.angular.dev/errors/NG0203\n    at assertInInjectionContext (file:///D:/college/cloud-storage/CloudStorage.Client/node_modules/@angular/core/fesm2022/_effect-chunk2.mjs:1475:11)\n    at takeUntilDestroyed (file:///D:/college/cloud-storage/CloudStorage.Client/node_modules/@angular/core/fesm2022/rxjs-interop.mjs:19:18)\n    at FolderView2.ngOnInit (D:/college/cloud-storage/CloudStorage.Client/src/app/features/files/folder-view/folder-view.ts:46:7)\n    at callHookInternal (file:///D:/college/cloud-storage/CloudStorage.Client/node_modules/@angular/core/fesm2022/_debug_node-chunk.mjs:555:10)\n    at callHook (file:///D:/college/cloud-storage/CloudStorage.Client/node_modules/@angular/core/fesm2022/_debug_node-chunk.mjs:570:7)\n    at callHooks (file:///D:/college/cloud-storage/CloudStorage.Client/node_modules/@angular/core/fesm2022/_debug_node-chunk.mjs:544:9)\n    at executeInitAndCheckHooks (file:///D:/college/cloud-storage/CloudStorage.Client/node_modules/@angular/core/fesm2022/_debug_node-chunk.mjs:513:5)\n    at refreshView (file:///D:/college/cloud-storage/CloudStorage.Client/node_modules/@angular/core/fesm2022/_debug_node-chunk.mjs:5701:11)\n    at detectChangesInView (file:///D:/college/cloud-storage/CloudStorage.Client/node_modules/@angular/core/fesm2022/_debug_node-chunk.mjs:5829:5)\n    at detectChangesInViewWhileDirty (file:///D:/college/cloud-storage/CloudStorage.Client/node_modules/@angular/core/fesm2022/_debug_node-chunk.mjs:5638:5)"],"meta":{},"tags":[]},{"ancestorTitles":["FolderView"],"fullName":"FolderView should navigate to nested folder","status":"passed","title":"should navigate to nested folder","duration":96.25449999999546,"failureMessages":[],"meta":{},"tags":[]},{"ancestorTitles":["FolderView"],"fullName":"FolderView should format size correctly","status":"passed","title":"should format size correctly","duration":43.98489999999583,"failureMessages":[],"meta":{},"tags":[]}],"startTime":1776090743180,"endTime":1776090744044.9849,"status":"failed","message":"","name":"D:/college/cloud-storage/CloudStorage.Client/src/app/features/files/folder-view/folder-view.spec.ts"},{"assertionResults":[{"ancestorTitles":["ConflictDialogComponent"],"fullName":"ConflictDialogComponent should create","status":"passed","title":"should create","duration":758.5492000000013,"failureMessages":[],"meta":{},"tags":[]},{"ancestorTitles":["ConflictDialogComponent"],"fullName":"ConflictDialogComponent should emit resolved event when Keep Local is clicked","status":"passed","title":"should emit resolved event when Keep Local is clicked","duration":94.99950000000536,"failureMessages":[],"meta":{},"tags":[]},{"ancestorTitles":["ConflictDialogComponent"],"fullName":"ConflictDialogComponent should emit resolved event when Keep Cloud is clicked","status":"passed","title":"should emit resolved event when Keep Cloud is clicked","duration":55.797599999998056,"failureMessages":[],"meta":{},"tags":[]},{"ancestorTitles":["ConflictDialogComponent"],"fullName":"ConflictDialogComponent should emit closed event when Abort is clicked","status":"passed","title":"should emit closed event when Abort is clicked","duration":39.93330000000424,"failureMessages":[],"meta":{},"tags":[]}],"startTime":1776090740965,"endTime":1776090741914.9333,"status":"passed","message":"","name":"D:/college/cloud-storage/CloudStorage.Client/src/app/shared/components/conflict-dialog/conflict-dialog.spec.ts"},{"assertionResults":[{"ancestorTitles":["ContextMenuComponent"],"fullName":"ContextMenuComponent should create","status":"passed","title":"should create","duration":651.0469000000012,"failureMessages":[],"meta":{},"tags":[]},{"ancestorTitles":["ContextMenuComponent"],"fullName":"ContextMenuComponent should not be visible by default","status":"passed","title":"should not be visible by default","duration":65.11209999999846,"failureMessages":[],"meta":{},"tags":[]},{"ancestorTitles":["ContextMenuComponent"],"fullName":"ContextMenuComponent should become visible when layoutService opens it","status":"passed","title":"should become visible when layoutService opens it","duration":298.5764000000054,"failureMessages":[],"meta":{},"tags":[]},{"ancestorTitles":["ContextMenuComponent"],"fullName":"ContextMenuComponent should render items correctly","status":"passed","title":"should render items correctly","duration":127.13620000000083,"failureMessages":[],"meta":{},"tags":[]},{"ancestorTitles":["ContextMenuComponent"],"fullName":"ContextMenuComponent should call action and close when item is clicked","status":"passed","title":"should call action and close when item is clicked","duration":154.09360000000015,"failureMessages":[],"meta":{},"tags":[]},{"ancestorTitles":["ContextMenuComponent"],"fullName":"ContextMenuComponent should close when backdrop is clicked","status":"passed","title":"should close when backdrop is clicked","duration":198.29409999999916,"failureMessages":[],"meta":{},"tags":[]}],"startTime":1776090741162,"endTime":1776090742659.2942,"status":"passed","message":"","name":"D:/college/cloud-storage/CloudStorage.Client/src/app/shared/components/context-menu/context-menu.spec.ts"},{"assertionResults":[{"ancestorTitles":["FilePreview"],"fullName":"FilePreview should create","status":"passed","title":"should create","duration":708.7641999999978,"failureMessages":[],"meta":{},"tags":[]},{"ancestorTitles":["FilePreview"],"fullName":"FilePreview should bypass security for the file URL","status":"passed","title":"should bypass security for the file URL","duration":32.04899999999907,"failureMessages":[],"meta":{},"tags":[]},{"ancestorTitles":["FilePreview"],"fullName":"FilePreview should identify content types correctly","status":"passed","title":"should identify content types correctly","duration":25.330399999998917,"failureMessages":[],"meta":{},"tags":[]}],"startTime":1776090762478,"endTime":1776090763244.3303,"status":"passed","message":"","name":"D:/college/cloud-storage/CloudStorage.Client/src/app/shared/components/file-preview/file-preview.spec.ts"},{"assertionResults":[{"ancestorTitles":["FileUploadComponent"],"fullName":"FileUploadComponent should create","status":"passed","title":"should create","duration":505.9426999999996,"failureMessages":[],"meta":{},"tags":[]},{"ancestorTitles":["FileUploadComponent"],"fullName":"FileUploadComponent should emit filesSelected event when file is selected via input","status":"passed","title":"should emit filesSelected event when file is selected via input","duration":49.88409999999567,"failureMessages":[],"meta":{},"tags":[]},{"ancestorTitles":["FileUploadComponent"],"fullName":"FileUploadComponent should validate max file size","status":"passed","title":"should validate max file size","duration":36.54330000000482,"failureMessages":[],"meta":{},"tags":[]},{"ancestorTitles":["FileUploadComponent"],"fullName":"FileUploadComponent should handle drag over event","status":"passed","title":"should handle drag over event","duration":20.27070000000822,"failureMessages":[],"meta":{},"tags":[]},{"ancestorTitles":["FileUploadComponent"],"fullName":"FileUploadComponent should handle drag leave event","status":"passed","title":"should handle drag leave event","duration":30.505300000004354,"failureMessages":[],"meta":{},"tags":[]},{"ancestorTitles":["FileUploadComponent"],"fullName":"FileUploadComponent should handle drop event","status":"passed","title":"should handle drop event","duration":54.897300000011455,"failureMessages":[],"meta":{},"tags":[]}],"startTime":1776090764084,"endTime":1776090764783.8972,"status":"passed","message":"","name":"D:/college/cloud-storage/CloudStorage.Client/src/app/shared/components/file-upload/file-upload.component.spec.ts"},{"assertionResults":[{"ancestorTitles":["ManagePermissions"],"fullName":"ManagePermissions should create","status":"passed","title":"should create","duration":536.0841999999975,"failureMessages":[],"meta":{},"tags":[]},{"ancestorTitles":["ManagePermissions"],"fullName":"ManagePermissions should load permissions on init","status":"passed","title":"should load permissions on init","duration":193.130799999999,"failureMessages":[],"meta":{},"tags":[]},{"ancestorTitles":["ManagePermissions"],"fullName":"ManagePermissions should remove access","status":"passed","title":"should remove access","duration":112.54329999999027,"failureMessages":[],"meta":{},"tags":[]},{"ancestorTitles":["ManagePermissions"],"fullName":"ManagePermissions should update role","status":"passed","title":"should update role","duration":68.61819999999716,"failureMessages":[],"meta":{},"tags":[]}],"startTime":1776090766310,"endTime":1776090767220.6182,"status":"passed","message":"","name":"D:/college/cloud-storage/CloudStorage.Client/src/app/shared/components/manage-permissions/manage-permissions.spec.ts"},{"assertionResults":[{"ancestorTitles":["NotificationToastComponent"],"fullName":"NotificationToastComponent should create","status":"passed","title":"should create","duration":368.8674000000028,"failureMessages":[],"meta":{},"tags":[]},{"ancestorTitles":["NotificationToastComponent"],"fullName":"NotificationToastComponent should display messages from the notification service","status":"passed","title":"should display messages from the notification service","duration":112.08780000000843,"failureMessages":[],"meta":{},"tags":[]},{"ancestorTitles":["NotificationToastComponent"],"fullName":"NotificationToastComponent should clear toasts via the service","status":"passed","title":"should clear toasts via the service","duration":97.3234000000084,"failureMessages":[],"meta":{},"tags":[]}],"startTime":1776090765728,"endTime":1776090766309.3235,"status":"passed","message":"","name":"D:/college/cloud-storage/CloudStorage.Client/src/app/shared/components/notification-toast/notification-toast.component.spec.ts"},{"assertionResults":[{"ancestorTitles":["SyncTestPanelComponent"],"fullName":"SyncTestPanelComponent should create","status":"passed","title":"should create","duration":649.6589000000022,"failureMessages":[],"meta":{},"tags":[]},{"ancestorTitles":["SyncTestPanelComponent"],"fullName":"SyncTestPanelComponent should refresh cached files on init","status":"passed","title":"should refresh cached files on init","duration":67.54680000000371,"failureMessages":[],"meta":{},"tags":[]},{"ancestorTitles":["SyncTestPanelComponent"],"fullName":"SyncTestPanelComponent should simulate edit","status":"passed","title":"should simulate edit","duration":82.14360000000306,"failureMessages":[],"meta":{},"tags":[]},{"ancestorTitles":["SyncTestPanelComponent"],"fullName":"SyncTestPanelComponent should run sync and refresh files","status":"passed","title":"should run sync and refresh files","duration":45.13669999999547,"failureMessages":[],"meta":{},"tags":[]},{"ancestorTitles":["SyncTestPanelComponent"],"fullName":"SyncTestPanelComponent should clear log","status":"passed","title":"should clear log","duration":60.50650000000314,"failureMessages":[],"meta":{},"tags":[]},{"ancestorTitles":["SyncTestPanelComponent"],"fullName":"SyncTestPanelComponent should format log time correctly","status":"passed","title":"should format log time correctly","duration":508.06379999999626,"failureMessages":[],"meta":{},"tags":[]}],"startTime":1776090741315,"endTime":1776090742729.0637,"status":"passed","message":"","name":"D:/college/cloud-storage/CloudStorage.Client/src/app/shared/components/sync-test-panel/sync-test-panel.component.spec.ts"},{"assertionResults":[{"ancestorTitles":["UploadProgressComponent"],"fullName":"UploadProgressComponent should create","status":"passed","title":"should create","duration":1842.4739999999947,"failureMessages":[],"meta":{},"tags":[]},{"ancestorTitles":["UploadProgressComponent"],"fullName":"UploadProgressComponent should calculate progress percentage","status":"passed","title":"should calculate progress percentage","duration":104.23099999999977,"failureMessages":[],"meta":{},"tags":[]},{"ancestorTitles":["UploadProgressComponent"],"fullName":"UploadProgressComponent should format sizes correctly","status":"passed","title":"should format sizes correctly","duration":120.73919999999634,"failureMessages":[],"meta":{},"tags":[]},{"ancestorTitles":["UploadProgressComponent"],"fullName":"UploadProgressComponent should emit pause event","status":"passed","title":"should emit pause event","duration":60.760599999994156,"failureMessages":[],"meta":{},"tags":[]},{"ancestorTitles":["UploadProgressComponent"],"fullName":"UploadProgressComponent should emit resume event","status":"passed","title":"should emit resume event","duration":54.366500000003725,"failureMessages":[],"meta":{},"tags":[]},{"ancestorTitles":["UploadProgressComponent"],"fullName":"UploadProgressComponent should emit cancel event","status":"passed","title":"should emit cancel event","duration":56.00789999999688,"failureMessages":[],"meta":{},"tags":[]},{"ancestorTitles":["UploadProgressComponent"],"fullName":"UploadProgressComponent should calculate remaining time","status":"passed","title":"should calculate remaining time","duration":50.70369999999821,"failureMessages":[],"meta":{},"tags":[]}],"startTime":1776090764032,"endTime":1776090766322.7036,"status":"passed","message":"","name":"D:/college/cloud-storage/CloudStorage.Client/src/app/shared/components/upload-progress/upload-progress.component.spec.ts"}]}